Drill report for YABR_Bot.kicad_pcb
Created on Di 18 Jul 2023 11:05:32 CEST

Copper Layer Stackup:
    =============================================================
    L1 :  F.Cu                      front
    L2 :  B.Cu                      back


Drill file 'YABR_Bot-PTH-drl.gbr' contains
    plated through holes:
    =============================================================
    T1  0,600mm  0,0236"  (11 holes)
    T2  0,800mm  0,0315"  (70 holes)
    T3  0,813mm  0,0320"  (12 holes)
    T4  1,000mm  0,0394"  (12 holes)
    T5  1,016mm  0,0400"  (26 holes)
    T6  1,400mm  0,0551"  (2 holes)

    Total plated holes count 133


Drill file 'YABR_Bot-NPTH-drl.gbr' contains
    unplated through holes:
    =============================================================

    Total unplated holes count 0
